<?xml version="1.0" encoding="UTF-8"?>
<testsuite xmlns:xsi="http://www.w3.org/2001/XMLSchema-instance" xsi:noNamespaceSchemaLocation="https://maven.apache.org/surefire/maven-surefire-plugin/xsd/surefire-test-report.xsd" version="3.0.2" name="com.testcase.test_case_management_system.TestCaseManagementSystemApplicationTests" time="2.46" tests="1" errors="0" skipped="0" failures="0">
  <properties>
[...]
</properties>
  <testcase name="contextLoads" classname="com.testcase.test_case_management_system.TestCaseManagementSystemApplicationTests" time="0.52">
    <system-out><![CDATA[17:13:09.085 [main] INFO org.springframework.test.context.support.AnnotationConfigContextLoaderUtils -- Could not detect default configuration classes for test class [com.testcase.test_case_management_system.TestCaseManagementSystemApplicationTests]: TestCaseManagementSystemApplicationTests does not declare any static, non-private, non-final, nested classes annotated with @Configuration.
17:13:09.157 [main] INFO org.springframework.boot.test.context.SpringBootTestContextBootstrapper -- Found @SpringBootConfiguration com.testcase.test_case_management_system.TestCaseManagementSystemApplication for test class com.testcase.test_case_management_system.TestCaseManagementSystemApplicationTests
17:13:09.254 [main] INFO org.springframework.boot.devtools.restart.RestartApplicationListener -- Restart disabled due to context in which it is running
17:13:09,011 |-INFO in ch.qos.logback.classic.LoggerContext[default] - This is logback-classic version 1.5.16
17:13:09,012 |-INFO in ch.qos.logback.classic.util.ContextInitializer@5bb8f9e2 - Here is a list of configurators discovered as a service, by rank: 
17:13:09,012 |-INFO in ch.qos.logback.classic.util.ContextInitializer@5bb8f9e2 -   org.springframework.boot.logging.logback.RootLogLevelConfigurator
17:13:09,012 |-INFO in ch.qos.logback.classic.util.ContextInitializer@5bb8f9e2 - They will be invoked in order until ExecutionStatus.DO_NOT_INVOKE_NEXT_IF_ANY is returned.
17:13:09,012 |-INFO in ch.qos.logback.classic.util.ContextInitializer@5bb8f9e2 - Constructed configurator of type class org.springframework.boot.logging.logback.RootLogLevelConfigurator
17:13:09,018 |-INFO in ch.qos.logback.classic.util.ContextInitializer@5bb8f9e2 - org.springframework.boot.logging.logback.RootLogLevelConfigurator.configure() call lasted 0 milliseconds. ExecutionStatus=INVOKE_NEXT_IF_ANY
17:13:09,018 |-INFO in ch.qos.logback.classic.util.ContextInitializer@5bb8f9e2 - Trying to configure with ch.qos.logback.classic.joran.SerializedModelConfigurator
17:13:09,019 |-INFO in ch.qos.logback.classic.util.ContextInitializer@5bb8f9e2 - Constructed configurator of type class ch.qos.logback.classic.joran.SerializedModelConfigurator
17:13:09,020 |-INFO in ch.qos.logback.classic.LoggerContext[default] - Could NOT find resource [logback-test.scmo]
17:13:09,020 |-INFO in ch.qos.logback.classic.LoggerContext[default] - Could NOT find resource [logback.scmo]
17:13:09,020 |-INFO in ch.qos.logback.classic.util.ContextInitializer@5bb8f9e2 - ch.qos.logback.classic.joran.SerializedModelConfigurator.configure() call lasted 1 milliseconds. ExecutionStatus=INVOKE_NEXT_IF_ANY
17:13:09,020 |-INFO in ch.qos.logback.classic.util.ContextInitializer@5bb8f9e2 - Trying to configure with ch.qos.logback.classic.util.DefaultJoranConfigurator
17:13:09,021 |-INFO in ch.qos.logback.classic.util.ContextInitializer@5bb8f9e2 - Constructed configurator of type class ch.qos.logback.classic.util.DefaultJoranConfigurator
17:13:09,021 |-INFO in ch.qos.logback.classic.LoggerContext[default] - Could NOT find resource [logback-test.xml]
17:13:09,021 |-INFO in ch.qos.logback.classic.LoggerContext[default] - Could NOT find resource [logback.xml]
17:13:09,021 |-INFO in ch.qos.logback.classic.util.ContextInitializer@5bb8f9e2 - ch.qos.logback.classic.util.DefaultJoranConfigurator.configure() call lasted 0 milliseconds. ExecutionStatus=INVOKE_NEXT_IF_ANY
17:13:09,021 |-INFO in ch.qos.logback.classic.util.ContextInitializer@5bb8f9e2 - Trying to configure with ch.qos.logback.classic.BasicConfigurator
17:13:09,022 |-INFO in ch.qos.logback.classic.util.ContextInitializer@5bb8f9e2 - Constructed configurator of type class ch.qos.logback.classic.BasicConfigurator
17:13:09,022 |-INFO in ch.qos.logback.classic.BasicConfigurator@6a933be2 - Setting up default configuration.
17:13:09,032 |-INFO in ch.qos.logback.core.ConsoleAppender[console] - BEWARE: Writing to the console can be very slow. Avoid logging to the 
17:13:09,032 |-INFO in ch.qos.logback.core.ConsoleAppender[console] - console in production environments, especially in high volume systems.
17:13:09,032 |-INFO in ch.qos.logback.core.ConsoleAppender[console] - See also https://logback.qos.ch/codes.html#slowConsole
17:13:09,032 |-INFO in ch.qos.logback.classic.util.ContextInitializer@5bb8f9e2 - ch.qos.logback.classic.BasicConfigurator.configure() call lasted 10 milliseconds. ExecutionStatus=NEUTRAL
17:13:09,423 |-WARN in ch.qos.logback.core.model.processor.AppenderModelHandler - Appender named [STDOUT] not referenced. Skipping further processing.
17:13:09,424 |-INFO in ch.qos.logback.core.model.processor.AppenderModelHandler - Processing appender named [FILE_SOUT]
17:13:09,424 |-INFO in ch.qos.logback.core.model.processor.AppenderModelHandler - About to instantiate appender of type [ch.qos.logback.core.rolling.RollingFileAppender]
17:13:09,438 |-INFO in c.q.l.core.rolling.TimeBasedRollingPolicy@1601756706 - No compression will be used
17:13:09,438 |-INFO in c.q.l.core.rolling.TimeBasedRollingPolicy@1601756706 - Will use the pattern logs/testCaseManagement-%d{yyyy-MM-dd}.log for the active file
17:13:09,454 |-INFO in c.q.l.core.rolling.DefaultTimeBasedFileNamingAndTriggeringPolicy - The date pattern is 'yyyy-MM-dd' from file name pattern 'logs/testCaseManagement-%d{yyyy-MM-dd}.log'.
17:13:09,454 |-INFO in c.q.l.core.rolling.DefaultTimeBasedFileNamingAndTriggeringPolicy - Roll-over at midnight.
17:13:09,459 |-INFO in c.q.l.core.rolling.DefaultTimeBasedFileNamingAndTriggeringPolicy - Setting initial period to 2025-03-23T11:39:40.708Z
17:13:09,460 |-INFO in ch.qos.logback.core.model.processor.ImplicitModelHandler - Assuming default type [ch.qos.logback.classic.encoder.PatternLayoutEncoder] for [encoder] property
17:13:09,475 |-INFO in ch.qos.logback.core.rolling.RollingFileAppender[FILE_SOUT] - Active log file name: logs/testCaseManagement.log
17:13:09,475 |-INFO in ch.qos.logback.core.rolling.RollingFileAppender[FILE_SOUT] - File property is set to [logs/testCaseManagement.log]
17:13:09,476 |-INFO in ch.qos.logback.classic.model.processor.RootLoggerModelHandler - Setting level of ROOT logger to TRACE
17:13:09,476 |-INFO in ch.qos.logback.classic.jul.LevelChangePropagator@516ebdf8 - Propagating TRACE level on Logger[ROOT] onto the JUL framework
17:13:09,477 |-WARN in ch.qos.logback.core.model.processor.ImplicitModelHandler - Ignoring unknown property [appender.ref] in [ch.qos.logback.classic.Logger]
17:13:09,478 |-INFO in ch.qos.logback.classic.model.processor.LoggerModelHandler - Setting level of logger [com.testcase] to TRACE
17:13:09,478 |-INFO in ch.qos.logback.classic.jul.LevelChangePropagator@516ebdf8 - Propagating TRACE level on Logger[com.testcase] onto the JUL framework
17:13:09,479 |-INFO in ch.qos.logback.classic.model.processor.LoggerModelHandler - Setting additivity of logger [com.testcase] to false
17:13:09,479 |-INFO in ch.qos.logback.core.model.processor.AppenderRefModelHandler - Attaching appender named [FILE_SOUT] to Logger[com.testcase]
17:13:09,479 |-INFO in ch.qos.logback.core.model.processor.DefaultProcessor@4d8539de - End of configuration.
17:13:09,480 |-INFO in org.springframework.boot.logging.logback.SpringBootJoranConfigurator@3eba57a7 - Registering current configuration as safe fallback point


  .   ____          _            __ _ _
 /\\ / ___'_ __ _ _(_)_ __  __ _ \ \ \ \
( ( )\___ | '_ | '_| | '_ \/ _` | \ \ \ \
 \\/  ___)| |_)| | | | | || (_| |  ) ) ) )
  '  |____| .__|_| |_|_| |_\__, | / / / /
 =========|_|==============|___/=/_/_/_/

 :: Spring Boot ::                (v3.4.3)

]]></system-out>
    <system-err><![CDATA[Mockito is currently self-attaching to enable the inline-mock-maker. This will no longer work in future releases of the JDK. Please add Mockito as an agent to your build what is described in Mockito's documentation: https://javadoc.io/doc/org.mockito/mockito-core/latest/org/mockito/Mockito.html#0.3
WARNING: A Java agent has been loaded dynamically (/home/mohit/.m2/repository/net/bytebuddy/byte-buddy-agent/1.15.11/byte-buddy-agent-1.15.11.jar)
WARNING: If a serviceability tool is in use, please run with -XX:+EnableDynamicAgentLoading to hide this warning
WARNING: If a serviceability tool is not in use, please run with -Djdk.instrument.traceUsage for more information
WARNING: Dynamic loading of agents will be disallowed by default in a future release
]]></system-err>
  </testcase>
</testsuite>